npm info using npm@11.8.0
npm info using node@v25.5.0
npm http cache https://registry.npmjs.org/@vercel%2fblob 24ms (cache hit)
npm http cache https://registry.npmjs.org/bcryptjs 4ms (cache hit)
npm http cache https://registry.npmjs.org/form-data 4ms (cache hit)
npm http cache https://registry.npmjs.org/jose 9ms (cache hit)
npm http cache https://registry.npmjs.org/jsonwebtoken 6ms (cache hit)
npm http cache https://registry.npmjs.org/mongoose 15ms (cache hit)
npm http cache https://registry.npmjs.org/next 95ms (cache hit)
npm http cache https://registry.npmjs.org/@opentelemetry%2fapi 16ms (cache hit)
npm http cache https://registry.npmjs.org/@playwright%2ftest 39ms (cache hit)
npm http cache https://registry.npmjs.org/babel-plugin-react-compiler 10ms (cache hit)
npm http cache https://registry.npmjs.org/react 22ms (cache hit)
npm http cache https://registry.npmjs.org/react-dom 28ms (cache hit)
npm http cache https://registry.npmjs.org/sass 5ms (cache hit)
npm http cache https://registry.npmjs.org/@eslint%2feslintrc 2ms (cache hit)
npm http cache https://registry.npmjs.org/@tailwindcss%2fpostcss 7ms (cache hit)
npm http cache https://registry.npmjs.org/eslint 7ms (cache hit)
npm http cache https://registry.npmjs.org/jiti 3ms (cache hit)
npm http cache https://registry.npmjs.org/eslint-config-next 19ms (cache hit)
npm http cache https://registry.npmjs.org/typescript 49ms (cache hit)
npm http cache https://registry.npmjs.org/tailwindcss 46ms (cache hit)
npm http cache https://registry.npmjs.org/globals 10ms (cache hit)
npm http cache https://registry.npmjs.org/ignore 14ms (cache hit)
npm http cache https://registry.npmjs.org/import-fresh 17ms (cache hit)
npm http cache https://registry.npmjs.org/espree 20ms (cache hit)
npm http cache https://registry.npmjs.org/strip-json-comments 23ms (cache hit)
npm http cache https://registry.npmjs.org/js-yaml 26ms (cache hit)
npm http cache https://registry.npmjs.org/debug 31ms (cache hit)
npm http cache https://registry.npmjs.org/postcss 32ms (cache hit)
npm http cache https://registry.npmjs.org/minimatch 43ms (cache hit)
npm http cache https://registry.npmjs.org/ajv 53ms (cache hit)
npm http cache https://registry.npmjs.org/tailwindcss 84ms (cache hit)
npm http cache https://registry.npmjs.org/is-buffer 141ms (cache hit)
npm http cache https://registry.npmjs.org/throttleit 139ms (cache hit)
npm http cache https://registry.npmjs.org/is-node-process 127ms (cache hit)
npm http cache https://registry.npmjs.org/esquery 12ms (cache hit)
npm http cache https://registry.npmjs.org/@alloc%2fquick-lru 158ms (cache hit)
npm http cache https://registry.npmjs.org/undici 152ms (cache hit)
npm http cache https://registry.npmjs.org/async-retry 152ms (cache hit)
npm http cache https://registry.npmjs.org/chalk 124ms (cache hit)
npm http cache https://registry.npmjs.org/ajv 143ms (cache hit)
npm http cache https://registry.npmjs.org/@tailwindcss%2fnode 187ms (cache hit)
npm http cache https://registry.npmjs.org/@tailwindcss%2foxide 206ms (cache hit)
npm http cache https://registry.npmjs.org/is-glob 81ms (cache hit)
npm http cache https://registry.npmjs.org/find-up 85ms (cache hit)
npm http cache https://registry.npmjs.org/@eslint%2fjs 84ms (cache hit)
npm http cache https://registry.npmjs.org/optionator 87ms (cache hit)
npm http cache https://registry.npmjs.org/glob-parent 76ms (cache hit)
npm http cache https://registry.npmjs.org/imurmurhash 75ms (cache hit)
npm http cache https://registry.npmjs.org/eslint-scope 54ms (cache hit)
npm http cache https://registry.npmjs.org/cross-spawn 86ms (cache hit)
npm http cache https://registry.npmjs.org/@eslint%2fcore 74ms (cache hit)
npm http cache https://registry.npmjs.org/esutils 108ms (cache hit)
npm http cache https://registry.npmjs.org/lodash.merge 34ms (cache hit)
npm http cache https://registry.npmjs.org/fast-deep-equal 28ms (cache hit)
npm http cache https://registry.npmjs.org/@humanfs%2fnode 36ms (cache hit)
npm http cache https://registry.npmjs.org/file-entry-cache 29ms (cache hit)
npm http cache https://registry.npmjs.org/@types%2festree 42ms (cache hit)
npm http cache https://registry.npmjs.org/@eslint%2fplugin-kit 32ms (cache hit)
npm http cache https://registry.npmjs.org/natural-compare 39ms (cache hit)
npm http cache https://registry.npmjs.org/@eslint%2fconfig-array 30ms (cache hit)
npm http cache https://registry.npmjs.org/eslint-visitor-keys 36ms (cache hit)
npm http cache https://registry.npmjs.org/@humanwhocodes%2fretry 34ms (cache hit)
npm http cache https://registry.npmjs.org/escape-string-regexp 35ms (cache hit)
npm http cache https://registry.npmjs.org/@eslint%2fconfig-helpers 34ms (cache hit)
npm http cache https://registry.npmjs.org/@humanwhocodes%2fmodule-importer 29ms (cache hit)
npm http cache https://registry.npmjs.org/@eslint-community%2fregexpp 38ms (cache hit)
npm http cache https://registry.npmjs.org/json-stable-stringify-without-jsonify 33ms (cache hit)
npm http cache https://registry.npmjs.org/@eslint-community%2feslint-utils 41ms (cache hit)
npm http cache https://registry.npmjs.org/eslint-plugin-react 36ms (cache hit)
npm http cache https://registry.npmjs.org/eslint-plugin-import 43ms (cache hit)
npm http cache https://registry.npmjs.org/@rushstack%2feslint-patch 43ms (cache hit)
npm http cache https://registry.npmjs.org/eslint-plugin-jsx-a11y 49ms (cache hit)
npm http cache https://registry.npmjs.org/eslint-plugin-react-hooks 60ms (cache hit)
npm http cache https://registry.npmjs.org/@next%2feslint-plugin-next 132ms (cache hit)
npm http cache https://registry.npmjs.org/@typescript-eslint%2fparser 189ms (cache hit)
npm http cache https://registry.npmjs.org/eslint-import-resolver-node 240ms (cache hit)
npm http cache https://registry.npmjs.org/eslint-import-resolver-typescript 237ms (cache hit)
npm http cache https://registry.npmjs.org/asynckit 238ms (cache hit)
npm http cache https://registry.npmjs.org/combined-stream 232ms (cache hit)
npm http cache https://registry.npmjs.org/es-set-tostringtag 227ms (cache hit)
npm http cache https://registry.npmjs.org/mime-types 220ms (cache hit)
npm http cache https://registry.npmjs.org/hasown 229ms (cache hit)
npm http cache https://registry.npmjs.org/@typescript-eslint%2feslint-plugin 301ms (cache hit)
npm http cache https://registry.npmjs.org/ms 331ms (cache hit)
npm http cache https://registry.npmjs.org/jws 294ms (cache hit)
npm http cache https://registry.npmjs.org/semver 210ms (cache hit)
npm http cache https://registry.npmjs.org/lodash.once 214ms (cache hit)
npm http cache https://registry.npmjs.org/lodash.includes 212ms (cache hit)
npm http cache https://registry.npmjs.org/lodash.isnumber 214ms (cache hit)
npm http cache https://registry.npmjs.org/lodash.isboolean 212ms (cache hit)
npm http cache https://registry.npmjs.org/lodash.isstring 216ms (cache hit)
npm http cache https://registry.npmjs.org/bson 37ms (cache hit)
npm http cache https://registry.npmjs.org/lodash.isinteger 219ms (cache hit)
npm http cache https://registry.npmjs.org/lodash.isplainobject 219ms (cache hit)
npm http cache https://registry.npmjs.org/kareem 41ms (cache hit)
npm http cache https://registry.npmjs.org/mongodb 48ms (cache hit)
npm http cache https://registry.npmjs.org/mpath 66ms (cache hit)
npm http cache https://registry.npmjs.org/mquery 62ms (cache hit)
npm http cache https://registry.npmjs.org/sift 62ms (cache hit)
npm http cache https://registry.npmjs.org/styled-jsx 63ms (cache hit)
npm http cache https://registry.npmjs.org/@swc%2fhelpers 68ms (cache hit)
npm http cache https://registry.npmjs.org/baseline-browser-mapping 68ms (cache hit)
npm http cache https://registry.npmjs.org/caniuse-lite 77ms (cache hit)
npm http cache https://registry.npmjs.org/@next%2fenv 112ms (cache hit)
npm http cache https://registry.npmjs.org/sharp 129ms (cache hit)
npm http cache https://registry.npmjs.org/@next%2fswc-darwin-x64 147ms (cache hit)
npm http cache https://registry.npmjs.org/@next%2fswc-darwin-arm64 159ms (cache hit)
npm http cache https://registry.npmjs.org/@next%2fswc-linux-x64-gnu 189ms (cache hit)
npm http cache https://registry.npmjs.org/@next%2fswc-linux-arm64-musl 198ms (cache hit)
npm http cache https://registry.npmjs.org/@next%2fswc-linux-arm64-gnu 239ms (cache hit)
npm http cache https://registry.npmjs.org/@next%2fswc-win32-x64-msvc 288ms (cache hit)
npm http cache https://registry.npmjs.org/@next%2fswc-linux-x64-musl 324ms (cache hit)
npm http cache https://registry.npmjs.org/@next%2fswc-win32-arm64-msvc 331ms (cache hit)
npm http cache https://registry.npmjs.org/scheduler 348ms (cache hit)
npm http cache https://registry.npmjs.org/parent-module 8ms (cache hit)
npm http cache https://registry.npmjs.org/argparse 9ms (cache hit)
npm http cache https://registry.npmjs.org/resolve-from 10ms (cache hit)
npm http cache https://registry.npmjs.org/json-schema-traverse 13ms (cache hit)
npm http cache https://registry.npmjs.org/brace-expansion 10ms (cache hit)
npm http cache https://registry.npmjs.org/acorn-jsx 13ms (cache hit)
npm http cache https://registry.npmjs.org/acorn 16ms (cache hit)
npm http cache https://registry.npmjs.org/fast-json-stable-stringify 20ms (cache hit)
npm http cache https://registry.npmjs.org/uri-js 21ms (cache hit)
npm http cache https://registry.npmjs.org/source-map-js 8ms (cache hit)
npm http cache https://registry.npmjs.org/lightningcss 11ms (cache hit)
npm http cache https://registry.npmjs.org/magic-string 14ms (cache hit)
npm http cache https://registry.npmjs.org/@tailwindcss%2foxide-darwin-x64 23ms (cache hit)
npm http cache https://registry.npmjs.org/@tailwindcss%2foxide-android-arm64 38ms (cache hit)
npm http cache https://registry.npmjs.org/@tailwindcss%2foxide-freebsd-x64 52ms (cache hit)
npm http cache https://registry.npmjs.org/@tailwindcss%2foxide-darwin-arm64 72ms (cache hit)
npm http cache https://registry.npmjs.org/@jridgewell%2fremapping 88ms (cache hit)
npm http cache https://registry.npmjs.org/@tailwindcss%2foxide-wasm32-wasi 92ms (cache hit)
npm http cache https://registry.npmjs.org/@tailwindcss%2foxide-linux-x64-gnu 102ms (cache hit)
npm http cache https://registry.npmjs.org/enhanced-resolve 117ms (cache hit)
npm http cache https://registry.npmjs.org/@tailwindcss%2foxide-win32-x64-msvc 117ms (cache hit)
npm http cache https://registry.npmjs.org/@tailwindcss%2foxide-linux-x64-musl 136ms (cache hit)
npm http cache https://registry.npmjs.org/nanoid 69ms (cache hit)
npm http cache https://registry.npmjs.org/@tailwindcss%2foxide-win32-arm64-msvc 117ms (cache hit)
npm http cache https://registry.npmjs.org/@tailwindcss%2foxide-linux-arm64-gnu 159ms (cache hit)
npm http cache https://registry.npmjs.org/@tailwindcss%2foxide-linux-arm64-musl 157ms (cache hit)
npm http cache https://registry.npmjs.org/@tailwindcss%2foxide-linux-arm-gnueabihf 142ms (cache hit)
npm http cache https://registry.npmjs.org/picocolors 128ms (cache hit)
npm http cache https://registry.npmjs.org/detect-libc 7ms (cache hit)
npm http cache https://registry.npmjs.org/graceful-fs 9ms (cache hit)
npm http cache https://registry.npmjs.org/tapable 12ms (cache hit)
npm http cache https://registry.npmjs.org/@jridgewell%2fgen-mapping 15ms (cache hit)
npm http cache https://registry.npmjs.org/lightningcss-freebsd-x64 15ms (cache hit)
npm http cache https://registry.npmjs.org/lightningcss-darwin-x64 17ms (cache hit)
npm http cache https://registry.npmjs.org/lightningcss-linux-x64-musl 18ms (cache hit)
npm http cache https://registry.npmjs.org/lightningcss-linux-x64-gnu 20ms (cache hit)
npm http cache https://registry.npmjs.org/@jridgewell%2ftrace-mapping 22ms (cache hit)
npm http cache https://registry.npmjs.org/lightningcss-darwin-arm64 24ms (cache hit)
npm http cache https://registry.npmjs.org/lightningcss-android-arm64 25ms (cache hit)
npm http cache https://registry.npmjs.org/@jridgewell%2fsourcemap-codec 11ms (cache hit)
npm http cache https://registry.npmjs.org/lightningcss-win32-arm64-msvc 17ms (cache hit)
npm http cache https://registry.npmjs.org/lightningcss-linux-arm64-musl 19ms (cache hit)
npm http cache https://registry.npmjs.org/lightningcss-linux-arm64-gnu 23ms (cache hit)
npm http cache https://registry.npmjs.org/lightningcss-win32-x64-msvc 27ms (cache hit)
npm http cache https://registry.npmjs.org/lightningcss-linux-arm-gnueabihf 19ms (cache hit)
npm http cache https://registry.npmjs.org/@jridgewell%2fresolve-uri 3ms (cache hit)
npm http cache https://registry.npmjs.org/retry 3ms (cache hit)
npm http cache https://registry.npmjs.org/punycode 3ms (cache hit)
npm http cache https://registry.npmjs.org/eslint 7ms (cache hit)
npm http cache https://registry.npmjs.org/@eslint%2fobject-schema 19ms (cache hit)
npm http cache https://registry.npmjs.org/ansi-styles 19ms (cache hit)
npm http cache https://registry.npmjs.org/levn 21ms (cache hit)
npm http cache https://registry.npmjs.org/@types%2fjson-schema 22ms (cache hit)
npm http cache https://registry.npmjs.org/@humanfs%2fcore 24ms (cache hit)
npm http cache https://registry.npmjs.org/which 24ms (cache hit)
npm http cache https://registry.npmjs.org/esrecurse 24ms (cache hit)
npm http cache https://registry.npmjs.org/supports-color 28ms (cache hit)
npm http cache https://registry.npmjs.org/shebang-command 28ms (cache hit)
npm http cache https://registry.npmjs.org/path-key 30ms (cache hit)
npm http cache https://registry.npmjs.org/estraverse 29ms (cache hit)
npm http cache https://registry.npmjs.org/locate-path 17ms (cache hit)
npm http cache https://registry.npmjs.org/estraverse 22ms (cache hit)
npm http cache https://registry.npmjs.org/is-extglob 17ms (cache hit)
npm http cache https://registry.npmjs.org/path-exists 19ms (cache hit)
npm http cache https://registry.npmjs.org/prelude-ls 16ms (cache hit)
npm http cache https://registry.npmjs.org/flat-cache 23ms (cache hit)
npm http cache https://registry.npmjs.org/type-check 14ms (cache hit)
npm http cache https://registry.npmjs.org/word-wrap 16ms (cache hit)
npm http cache https://registry.npmjs.org/deep-is 20ms (cache hit)
npm http cache https://registry.npmjs.org/fast-levenshtein 16ms (cache hit)
npm http cache https://registry.npmjs.org/has-flag 2ms (cache hit)
npm http cache https://registry.npmjs.org/color-convert 3ms (cache hit)
npm http cache https://registry.npmjs.org/color-name 2ms (cache hit)
npm http cache https://registry.npmjs.org/shebang-regex 3ms (cache hit)
npm http cache https://registry.npmjs.org/isexe 3ms (cache hit)
npm http cache https://registry.npmjs.org/eslint 6ms (cache hit)
npm http cache https://registry.npmjs.org/eslint-plugin-import-x 4ms (cache hit)
npm http cache https://registry.npmjs.org/@typescript-eslint%2futils 26ms (cache hit)
npm http cache https://registry.npmjs.org/fast-glob 15ms (cache hit)
npm http cache https://registry.npmjs.org/@typescript-eslint%2fvisitor-keys 46ms (cache hit)
npm http cache https://registry.npmjs.org/@typescript-eslint%2futils 142ms (cache hit)
npm http cache https://registry.npmjs.org/is-core-module 180ms (cache hit)
npm http cache https://registry.npmjs.org/@typescript-eslint%2ftype-utils 203ms (cache hit)
npm http cache https://registry.npmjs.org/@typescript-eslint%2fscope-manager 265ms (cache hit)
npm http cache https://registry.npmjs.org/ts-api-utils 348ms (cache hit)
npm http cache https://registry.npmjs.org/@typescript-eslint%2fvisitor-keys 375ms (cache hit)
npm http cache https://registry.npmjs.org/@typescript-eslint%2ftypescript-estree 451ms (cache hit)
npm http cache https://registry.npmjs.org/@typescript-eslint%2ftypes 536ms (cache hit)
npm http cache https://registry.npmjs.org/@typescript-eslint%2fscope-manager 638ms (cache hit)
npm http cache https://registry.npmjs.org/get-tsconfig 506ms (cache hit)
npm http cache https://registry.npmjs.org/stable-hash 511ms (cache hit)
npm http cache https://registry.npmjs.org/resolve 676ms (cache hit)
npm http cache https://registry.npmjs.org/tinyglobby 579ms (cache hit)
npm http cache https://registry.npmjs.org/is-bun-module 461ms (cache hit)
npm http cache https://registry.npmjs.org/@rtsao%2fscc 285ms (cache hit)
npm http cache https://registry.npmjs.org/unrs-resolver 357ms (cache hit)
npm http cache https://registry.npmjs.org/@nolyfill%2fis-core-module 356ms (cache hit)
npm http cache https://registry.npmjs.org/array.prototype.findlastindex 96ms (cache hit)
npm http cache https://registry.npmjs.org/array-includes 198ms (cache hit)
npm http cache https://registry.npmjs.org/array.prototype.flat 27ms (cache hit)
npm http cache https://registry.npmjs.org/array.prototype.flatmap 24ms (cache hit)
npm http cache https://registry.npmjs.org/object.values 16ms (cache hit)
npm http cache https://registry.npmjs.org/doctrine 26ms (cache hit)
npm http cache https://registry.npmjs.org/object.fromentries 22ms (cache hit)
npm http cache https://registry.npmjs.org/string.prototype.trimend 18ms (cache hit)
npm http cache https://registry.npmjs.org/eslint-module-utils 27ms (cache hit)
npm http cache https://registry.npmjs.org/tsconfig-paths 21ms (cache hit)
npm http cache https://registry.npmjs.org/object.groupby 28ms (cache hit)
npm http cache https://registry.npmjs.org/array.prototype.flatmap 20ms (cache hit)
npm http cache https://registry.npmjs.org/aria-query 24ms (cache hit)
npm http cache https://registry.npmjs.org/ast-types-flow 22ms (cache hit)
npm http cache https://registry.npmjs.org/axobject-query 20ms (cache hit)
npm http cache https://registry.npmjs.org/emoji-regex 19ms (cache hit)
npm http cache https://registry.npmjs.org/damerau-levenshtein 23ms (cache hit)
npm http cache https://registry.npmjs.org/safe-regex-test 16ms (cache hit)
npm http cache https://registry.npmjs.org/axe-core 49ms (cache hit)
npm http cache https://registry.npmjs.org/language-tags 80ms (cache hit)
npm http cache https://registry.npmjs.org/string.prototype.includes 77ms (cache hit)
npm http cache https://registry.npmjs.org/array.prototype.findlast 76ms (cache hit)
npm http cache https://registry.npmjs.org/jsx-ast-utils 85ms (cache hit)
npm http cache https://registry.npmjs.org/es-iterator-helpers 76ms (cache hit)
npm http cache https://registry.npmjs.org/array.prototype.tosorted 80ms (cache hit)
npm http cache https://registry.npmjs.org/prop-types 72ms (cache hit)
npm http cache https://registry.npmjs.org/object.entries 74ms (cache hit)
npm http cache https://registry.npmjs.org/string.prototype.matchall 73ms (cache hit)
npm http cache https://registry.npmjs.org/jsx-ast-utils 80ms (cache hit)
npm http cache https://registry.npmjs.org/string.prototype.repeat 17ms (cache hit)
npm http cache https://registry.npmjs.org/micromatch 5ms (cache hit)
npm http cache https://registry.npmjs.org/merge2 8ms (cache hit)
npm http cache https://registry.npmjs.org/@nodelib%2ffs.walk 8ms (cache hit)
npm http cache https://registry.npmjs.org/@nodelib%2ffs.stat 9ms (cache hit)
npm http cache https://registry.npmjs.org/typescript 39ms (cache hit)
npm http cache https://registry.npmjs.org/eslint 7ms (cache hit)
npm http cache https://registry.npmjs.org/@typescript-eslint%2ftsconfig-utils 6ms (cache hit)
npm http cache https://registry.npmjs.org/@typescript-eslint%2fproject-service 15ms (cache hit)
npm http cache https://registry.npmjs.org/fdir 5ms (cache hit)
npm http cache https://registry.npmjs.org/picomatch 6ms (cache hit)
npm http cache https://registry.npmjs.org/supports-preserve-symlinks-flag 2ms (cache hit)
npm http cache https://registry.npmjs.org/path-parse 4ms (cache hit)
npm http cache https://registry.npmjs.org/@unrs%2fresolver-binding-win32-ia32-msvc 7ms (cache hit)
npm http cache https://registry.npmjs.org/resolve-pkg-maps 10ms (cache hit)
npm http cache https://registry.npmjs.org/napi-postinstall 11ms (cache hit)
npm http cache https://registry.npmjs.org/@unrs%2fresolver-binding-win32-arm64-msvc 11ms (cache hit)
npm http cache https://registry.npmjs.org/@unrs%2fresolver-binding-linux-x64-gnu 13ms (cache hit)
npm http cache https://registry.npmjs.org/@unrs%2fresolver-binding-linux-arm64-musl 13ms (cache hit)
npm http cache https://registry.npmjs.org/@unrs%2fresolver-binding-linux-x64-musl 15ms (cache hit)
npm http cache https://registry.npmjs.org/@unrs%2fresolver-binding-win32-x64-msvc 16ms (cache hit)
npm http cache https://registry.npmjs.org/@unrs%2fresolver-binding-linux-arm64-gnu 18ms (cache hit)
npm http cache https://registry.npmjs.org/@unrs%2fresolver-binding-android-arm64 19ms (cache hit)
npm http cache https://registry.npmjs.org/@unrs%2fresolver-binding-freebsd-x64 20ms (cache hit)
npm http cache https://registry.npmjs.org/@unrs%2fresolver-binding-android-arm-eabi 17ms (cache hit)
npm http cache https://registry.npmjs.org/@unrs%2fresolver-binding-linux-arm-musleabihf 15ms (cache hit)
npm http cache https://registry.npmjs.org/@unrs%2fresolver-binding-darwin-x64 10ms (cache hit)
npm http cache https://registry.npmjs.org/@unrs%2fresolver-binding-linux-arm-gnueabihf 18ms (cache hit)
npm http cache https://registry.npmjs.org/@unrs%2fresolver-binding-linux-s390x-gnu 12ms (cache hit)
npm http cache https://registry.npmjs.org/@unrs%2fresolver-binding-linux-ppc64-gnu 17ms (cache hit)
npm http cache https://registry.npmjs.org/@unrs%2fresolver-binding-linux-riscv64-gnu 16ms (cache hit)
npm http cache https://registry.npmjs.org/@unrs%2fresolver-binding-linux-riscv64-musl 16ms (cache hit)
npm http cache https://registry.npmjs.org/@unrs%2fresolver-binding-darwin-arm64 14ms (cache hit)
npm http cache https://registry.npmjs.org/@unrs%2fresolver-binding-wasm32-wasi 14ms (cache hit)
npm http cache https://registry.npmjs.org/call-bind 9ms (cache hit)
npm http cache https://registry.npmjs.org/get-intrinsic 9ms (cache hit)
npm http cache https://registry.npmjs.org/es-object-atoms 11ms (cache hit)
npm http cache https://registry.npmjs.org/call-bound 12ms (cache hit)
npm http cache https://registry.npmjs.org/define-properties 13ms (cache hit)
npm http cache https://registry.npmjs.org/math-intrinsics 14ms (cache hit)
npm http cache https://registry.npmjs.org/call-bound 15ms (cache hit)
npm http cache https://registry.npmjs.org/is-string 16ms (cache hit)
npm http cache https://registry.npmjs.org/define-properties 17ms (cache hit)
npm http cache https://registry.npmjs.org/es-abstract 20ms (cache hit)
npm http cache https://registry.npmjs.org/call-bind 25ms (cache hit)
npm http cache https://registry.npmjs.org/es-abstract 25ms (cache hit)
npm http cache https://registry.npmjs.org/es-shim-unscopables 25ms (cache hit)
npm http cache https://registry.npmjs.org/define-properties 26ms (cache hit)
npm http cache https://registry.npmjs.org/es-errors 28ms (cache hit)
npm http cache https://registry.npmjs.org/es-abstract 27ms (cache hit)
npm http cache https://registry.npmjs.org/es-shim-unscopables 28ms (cache hit)
npm http cache https://registry.npmjs.org/es-abstract 28ms (cache hit)
npm http cache https://registry.npmjs.org/function-bind 29ms (cache hit)
npm http cache https://registry.npmjs.org/es-shim-unscopables 31ms (cache hit)
npm http cache https://registry.npmjs.org/json5 23ms (cache hit)
npm http cache https://registry.npmjs.org/minimist 24ms (cache hit)
npm http cache https://registry.npmjs.org/@types%2fjson5 16ms (cache hit)
npm http cache https://registry.npmjs.org/strip-bom 18ms (cache hit)
npm http cache https://registry.npmjs.org/define-data-property 7ms (cache hit)
npm http cache https://registry.npmjs.org/call-bind-apply-helpers 8ms (cache hit)
npm http cache https://registry.npmjs.org/es-define-property 10ms (cache hit)
npm http cache https://registry.npmjs.org/object-keys 10ms (cache hit)
npm http cache https://registry.npmjs.org/has-property-descriptors 12ms (cache hit)
npm http cache https://registry.npmjs.org/set-function-length 14ms (cache hit)
npm http cache https://registry.npmjs.org/available-typed-arrays 13ms (cache hit)
npm http cache https://registry.npmjs.org/arraybuffer.prototype.slice 16ms (cache hit)
npm http cache https://registry.npmjs.org/array-buffer-byte-length 17ms (cache hit)
npm http cache https://registry.npmjs.org/call-bind-apply-helpers 19ms (cache hit)
npm http cache https://registry.npmjs.org/data-view-buffer 17ms (cache hit)
npm http cache https://registry.npmjs.org/es-to-primitive 14ms (cache hit)
npm http cache https://registry.npmjs.org/function.prototype.name 14ms (cache hit)
npm http cache https://registry.npmjs.org/data-view-byte-offset 18ms (cache hit)
npm http cache https://registry.npmjs.org/globalthis 13ms (cache hit)
npm http cache https://registry.npmjs.org/get-symbol-description 15ms (cache hit)
npm http cache https://registry.npmjs.org/data-view-byte-length 22ms (cache hit)
npm http cache https://registry.npmjs.org/gopd 15ms (cache hit)
npm http cache https://registry.npmjs.org/has-proto 14ms (cache hit)
npm http cache https://registry.npmjs.org/get-proto 20ms (cache hit)
npm http cache https://registry.npmjs.org/has-symbols 15ms (cache hit)
npm http cache https://registry.npmjs.org/internal-slot 16ms (cache hit)
npm http cache https://registry.npmjs.org/is-array-buffer 20ms (cache hit)
npm http cache https://registry.npmjs.org/is-data-view 19ms (cache hit)
npm http cache https://registry.npmjs.org/is-regex 18ms (cache hit)
npm http cache https://registry.npmjs.org/is-negative-zero 21ms (cache hit)
npm http cache https://registry.npmjs.org/is-shared-array-buffer 19ms (cache hit)
npm http cache https://registry.npmjs.org/is-callable 25ms (cache hit)
npm http cache https://registry.npmjs.org/is-typed-array 21ms (cache hit)
npm http cache https://registry.npmjs.org/is-set 25ms (cache hit)
npm http cache https://registry.npmjs.org/object-inspect 22ms (cache hit)
npm http cache https://registry.npmjs.org/is-weakref 25ms (cache hit)
npm http cache https://registry.npmjs.org/object.assign 23ms (cache hit)
npm http cache https://registry.npmjs.org/safe-push-apply 16ms (cache hit)
npm http cache https://registry.npmjs.org/own-keys 21ms (cache hit)
npm http cache https://registry.npmjs.org/regexp.prototype.flags 21ms (cache hit)
npm http cache https://registry.npmjs.org/safe-array-concat 21ms (cache hit)
npm http cache https://registry.npmjs.org/set-proto 20ms (cache hit)
npm http cache https://registry.npmjs.org/stop-iteration-iterator 18ms (cache hit)
npm http cache https://registry.npmjs.org/typed-array-byte-length 13ms (cache hit)
npm http cache https://registry.npmjs.org/string.prototype.trim 18ms (cache hit)
npm http cache https://registry.npmjs.org/typed-array-buffer 16ms (cache hit)
npm http cache https://registry.npmjs.org/string.prototype.trimstart 19ms (cache hit)
npm http cache https://registry.npmjs.org/typed-array-byte-offset 15ms (cache hit)
npm http cache https://registry.npmjs.org/unbox-primitive 12ms (cache hit)
npm http cache https://registry.npmjs.org/which-typed-array 12ms (cache hit)
npm http cache https://registry.npmjs.org/typed-array-length 16ms (cache hit)
npm http cache https://registry.npmjs.org/has-tostringtag 12ms (cache hit)
npm http cache https://registry.npmjs.org/dunder-proto 10ms (cache hit)
npm http cache https://registry.npmjs.org/possible-typed-array-names 13ms (cache hit)
npm http cache https://registry.npmjs.org/side-channel 12ms (cache hit)
npm http cache https://registry.npmjs.org/is-date-object 14ms (cache hit)
npm http cache https://registry.npmjs.org/functions-have-names 16ms (cache hit)
npm http cache https://registry.npmjs.org/set-function-name 14ms (cache hit)
npm http cache https://registry.npmjs.org/isarray 15ms (cache hit)
npm http cache https://registry.npmjs.org/dunder-proto 19ms (cache hit)
npm http cache https://registry.npmjs.org/is-symbol 20ms (cache hit)
npm http cache https://registry.npmjs.org/isarray 18ms (cache hit)
npm http cache https://registry.npmjs.org/dunder-proto 18ms (cache hit)
npm http cache https://registry.npmjs.org/for-each 16ms (cache hit)
npm http cache https://registry.npmjs.org/for-each 16ms (cache hit)
npm http cache https://registry.npmjs.org/has-bigints 11ms (cache hit)
npm http cache https://registry.npmjs.org/for-each 10ms (cache hit)
npm http cache https://registry.npmjs.org/reflect.getprototypeof 14ms (cache hit)
npm http cache https://registry.npmjs.org/which-boxed-primitive 13ms (cache hit)
npm http cache https://registry.npmjs.org/for-each 18ms (cache hit)
npm http cache https://registry.npmjs.org/reflect.getprototypeof 20ms (cache hit)
npm http cache https://registry.npmjs.org/language-subtag-registry 4ms (cache hit)
npm http cache https://registry.npmjs.org/iterator.prototype 4ms (cache hit)
npm http cache https://registry.npmjs.org/loose-envify 5ms (cache hit)
npm http cache https://registry.npmjs.org/object-assign 4ms (cache hit)
npm http cache https://registry.npmjs.org/react-is 16ms (cache hit)
npm http cache https://registry.npmjs.org/@nodelib%2ffs.scandir 9ms (cache hit)
npm http cache https://registry.npmjs.org/braces 11ms (cache hit)
npm http cache https://registry.npmjs.org/fastq 13ms (cache hit)
npm http cache https://registry.npmjs.org/run-parallel 2ms (cache hit)
npm http cache https://registry.npmjs.org/reusify 3ms (cache hit)
npm http cache https://registry.npmjs.org/queue-microtask 3ms (cache hit)
npm http cache https://registry.npmjs.org/keyv 3ms (cache hit)
npm http cache https://registry.npmjs.org/flatted 6ms (cache hit)
npm http cache https://registry.npmjs.org/p-locate 2ms (cache hit)
npm http cache https://registry.npmjs.org/json-buffer 2ms (cache hit)
npm http cache https://registry.npmjs.org/delayed-stream 3ms (cache hit)
npm http cache https://registry.npmjs.org/mime-db 4ms (cache hit)
npm http cache https://registry.npmjs.org/callsites 2ms (cache hit)
npm http cache https://registry.npmjs.org/side-channel-map 3ms (cache hit)
npm http cache https://registry.npmjs.org/side-channel-weakmap 4ms (cache hit)
npm http cache https://registry.npmjs.org/side-channel-list 4ms (cache hit)
npm http cache https://registry.npmjs.org/jwa 2ms (cache hit)
npm http cache https://registry.npmjs.org/safe-buffer 4ms (cache hit)
npm http cache https://registry.npmjs.org/ecdsa-sig-formatter 2ms (cache hit)
npm http cache https://registry.npmjs.org/buffer-equal-constant-time 3ms (cache hit)
npm http cache https://registry.npmjs.org/p-limit 3ms (cache hit)
npm http cache https://registry.npmjs.org/fill-range 4ms (cache hit)
npm http cache https://registry.npmjs.org/to-regex-range 3ms (cache hit)
npm http cache https://registry.npmjs.org/is-number 3ms (cache hit)
npm http cache https://registry.npmjs.org/concat-map 3ms (cache hit)
npm http cache https://registry.npmjs.org/balanced-match 4ms (cache hit)
npm http cache https://registry.npmjs.org/@aws-sdk%2fcredential-providers 6ms (cache hit)
npm http cache https://registry.npmjs.org/@mongodb-js%2fzstd 3ms (cache hit)
npm http cache https://registry.npmjs.org/gcp-metadata 4ms (cache hit)
npm http cache https://registry.npmjs.org/kerberos 2ms (cache hit)
npm http cache https://registry.npmjs.org/mongodb-client-encryption 3ms (cache hit)
npm http cache https://registry.npmjs.org/snappy 4ms (cache hit)
npm http cache https://registry.npmjs.org/socks 3ms (cache hit)
npm http cache https://registry.npmjs.org/@mongodb-js%2fsaslprep 2ms (cache hit)
npm http cache https://registry.npmjs.org/mongodb-connection-string-url 4ms (cache hit)
npm http cache https://registry.npmjs.org/whatwg-url 3ms (cache hit)
npm http cache https://registry.npmjs.org/sparse-bitfield 6ms (cache hit)
npm http cache https://registry.npmjs.org/@types%2fwhatwg-url 6ms (cache hit)
npm http cache https://registry.npmjs.org/memory-pager 2ms (cache hit)
npm http cache https://registry.npmjs.org/webidl-conversions 4ms (cache hit)
npm http cache https://registry.npmjs.org/tr46 5ms (cache hit)
npm http cache https://registry.npmjs.org/@types%2fwebidl-conversions 6ms (cache hit)
npm http cache https://registry.npmjs.org/react 17ms (cache hit)
npm http cache https://registry.npmjs.org/tslib 16ms (cache hit)
npm http cache https://registry.npmjs.org/@img%2fsharp-wasm32 17ms (cache hit)
npm http cache https://registry.npmjs.org/@img%2fsharp-linux-x64 18ms (cache hit)
npm http cache https://registry.npmjs.org/@img%2fcolour 20ms (cache hit)
npm http cache https://registry.npmjs.org/@img%2fsharp-linux-arm64 20ms (cache hit)
npm http cache https://registry.npmjs.org/@img%2fsharp-win32-x64 22ms (cache hit)
npm http cache https://registry.npmjs.org/@img%2fsharp-linux-arm 23ms (cache hit)
npm http cache https://registry.npmjs.org/@img%2fsharp-win32-ia32 24ms (cache hit)
npm http cache https://registry.npmjs.org/@img%2fsharp-darwin-x64 26ms (cache hit)
npm http cache https://registry.npmjs.org/@img%2fsharp-linux-ppc64 24ms (cache hit)
npm http cache https://registry.npmjs.org/@img%2fsharp-linux-s390x 25ms (cache hit)
npm http cache https://registry.npmjs.org/@img%2fsharp-win32-arm64 18ms (cache hit)
npm http cache https://registry.npmjs.org/@img%2fsharp-linux-riscv64 17ms (cache hit)
npm http cache https://registry.npmjs.org/@img%2fsharp-linuxmusl-arm64 15ms (cache hit)
npm http cache https://registry.npmjs.org/@img%2fsharp-darwin-arm64 20ms (cache hit)
npm http cache https://registry.npmjs.org/@img%2fsharp-linuxmusl-x64 19ms (cache hit)
npm http cache https://registry.npmjs.org/@img%2fsharp-libvips-linux-arm 18ms (cache hit)
npm http cache https://registry.npmjs.org/@img%2fsharp-libvips-linux-ppc64 14ms (cache hit)
npm http cache https://registry.npmjs.org/@img%2fsharp-libvips-linux-x64 18ms (cache hit)
npm http cache https://registry.npmjs.org/@img%2fsharp-libvips-darwin-x64 17ms (cache hit)
npm http cache https://registry.npmjs.org/@img%2fsharp-libvips-linux-arm64 17ms (cache hit)
npm http cache https://registry.npmjs.org/@img%2fsharp-libvips-linux-s390x 16ms (cache hit)
npm http cache https://registry.npmjs.org/@img%2fsharp-libvips-linux-riscv64 12ms (cache hit)
npm http cache https://registry.npmjs.org/@img%2fsharp-libvips-linuxmusl-arm64 10ms (cache hit)
npm http cache https://registry.npmjs.org/@img%2fsharp-libvips-darwin-arm64 15ms (cache hit)
npm http cache https://registry.npmjs.org/client-only 11ms (cache hit)
npm http cache https://registry.npmjs.org/@img%2fsharp-libvips-linuxmusl-x64 14ms (cache hit)
npm http cache https://registry.npmjs.org/yocto-queue 3ms (cache hit)
npm http cache https://registry.npmjs.org/js-tokens 2ms (cache hit)
npm http cache https://registry.npmjs.org/@emnapi%2fruntime 3ms (cache hit)
npm http cache https://registry.npmjs.org/which-builtin-type 3ms (cache hit)
npm http cache https://registry.npmjs.org/is-finalizationregistry 4ms (cache hit)
npm http cache https://registry.npmjs.org/is-async-function 5ms (cache hit)
npm http cache https://registry.npmjs.org/which-collection 5ms (cache hit)
npm http cache https://registry.npmjs.org/is-generator-function 6ms (cache hit)
npm http cache https://registry.npmjs.org/is-bigint 2ms (cache hit)
npm http cache https://registry.npmjs.org/is-number-object 4ms (cache hit)
npm http cache https://registry.npmjs.org/is-boolean-object 5ms (cache hit)
npm http cache https://registry.npmjs.org/@napi-rs%2fwasm-runtime 3ms (cache hit)
npm http cache https://registry.npmjs.org/@tybys%2fwasm-util 2ms (cache hit)
npm http cache https://registry.npmjs.org/@emnapi%2fcore 4ms (cache hit)
npm http cache https://registry.npmjs.org/@emnapi%2fwasi-threads 1ms (cache hit)
npm http cache https://registry.npmjs.org/async-function 4ms (cache hit)
npm http cache https://registry.npmjs.org/is-weakmap 4ms (cache hit)
npm http cache https://registry.npmjs.org/generator-function 6ms (cache hit)
npm http cache https://registry.npmjs.org/is-map 5ms (cache hit)
npm http cache https://registry.npmjs.org/is-weakset 6ms (cache hit)
npm http cache is-weakmap@https://registry.npmjs.org/is-weakmap/-/is-weakmap-2.0.2.tgz 0ms (cache hit)
npm http cache is-weakset@https://registry.npmjs.org/is-weakset/-/is-weakset-2.0.4.tgz 0ms (cache hit)
npm http cache async-function@https://registry.npmjs.org/async-function/-/async-function-1.0.0.tgz 0ms (cache hit)
npm http cache is-map@https://registry.npmjs.org/is-map/-/is-map-2.0.3.tgz 0ms (cache hit)
npm http cache which-collection@https://registry.npmjs.org/which-collection/-/which-collection-1.0.2.tgz 0ms (cache hit)
npm http cache generator-function@https://registry.npmjs.org/generator-function/-/generator-function-2.0.1.tgz 0ms (cache hit)
npm http cache is-generator-function@https://registry.npmjs.org/is-generator-function/-/is-generator-function-1.1.2.tgz 0ms (cache hit)
npm http cache is-number-object@https://registry.npmjs.org/is-number-object/-/is-number-object-1.1.1.tgz 0ms (cache hit)
npm http cache is-finalizationregistry@https://registry.npmjs.org/is-finalizationregistry/-/is-finalizationregistry-1.1.1.tgz 0ms (cache hit)
npm http cache is-async-function@https://registry.npmjs.org/is-async-function/-/is-async-function-2.1.1.tgz 0ms (cache hit)
npm http cache is-boolean-object@https://registry.npmjs.org/is-boolean-object/-/is-boolean-object-1.2.2.tgz 0ms (cache hit)
npm http cache webidl-conversions@https://registry.npmjs.org/webidl-conversions/-/webidl-conversions-7.0.0.tgz 0ms (cache hit)
npm http cache isexe@https://registry.npmjs.org/isexe/-/isexe-2.0.0.tgz 0ms (cache hit)
npm http cache is-bigint@https://registry.npmjs.org/is-bigint/-/is-bigint-1.1.0.tgz 0ms (cache hit)
npm http cache tr46@https://registry.npmjs.org/tr46/-/tr46-5.1.1.tgz 0ms (cache hit)
npm http cache punycode@https://registry.npmjs.org/punycode/-/punycode-2.3.1.tgz 0ms (cache hit)
npm http cache @emnapi/wasi-threads@https://registry.npmjs.org/@emnapi/wasi-threads/-/wasi-threads-1.1.0.tgz 0ms (cache hit)
npm http cache @napi-rs/wasm-runtime@https://registry.npmjs.org/@napi-rs/wasm-runtime/-/wasm-runtime-0.2.12.tgz 0ms (cache hit)
npm http cache @tybys/wasm-util@https://registry.npmjs.org/@tybys/wasm-util/-/wasm-util-0.10.1.tgz 0ms (cache hit)
npm http cache @emnapi/core@https://registry.npmjs.org/@emnapi/core/-/core-1.8.1.tgz 0ms (cache hit)
npm http cache napi-postinstall@https://registry.npmjs.org/napi-postinstall/-/napi-postinstall-0.3.4.tgz 0ms (cache hit)
npm http cache which-boxed-primitive@https://registry.npmjs.org/which-boxed-primitive/-/which-boxed-primitive-1.1.1.tgz 0ms (cache hit)
npm http cache has-bigints@https://registry.npmjs.org/has-bigints/-/has-bigints-1.1.0.tgz 0ms (cache hit)
npm http cache @unrs/resolver-binding-linux-x64-gnu@https://registry.npmjs.org/@unrs/resolver-binding-linux-x64-gnu/-/resolver-binding-linux-x64-gnu-1.11.1.tgz 0ms (cache hit)
npm http cache reflect.getprototypeof@https://registry.npmjs.org/reflect.getprototypeof/-/reflect.getprototypeof-1.0.10.tgz 0ms (cache hit)
npm http cache which-builtin-type@https://registry.npmjs.org/which-builtin-type/-/which-builtin-type-1.2.1.tgz 0ms (cache hit)
npm http cache for-each@https://registry.npmjs.org/for-each/-/for-each-0.3.5.tgz 0ms (cache hit)
npm http cache strip-bom@https://registry.npmjs.org/strip-bom/-/strip-bom-3.0.0.tgz 0ms (cache hit)
npm http cache minimist@https://registry.npmjs.org/minimist/-/minimist-1.2.8.tgz 0ms (cache hit)
npm http cache @types/json5@https://registry.npmjs.org/@types/json5/-/json5-0.0.29.tgz 0ms (cache hit)
npm http cache json5@https://registry.npmjs.org/json5/-/json5-1.0.2.tgz 0ms (cache hit)
npm http cache has-flag@https://registry.npmjs.org/has-flag/-/has-flag-4.0.0.tgz 0ms (cache hit)
npm http cache is-number@https://registry.npmjs.org/is-number/-/is-number-7.0.0.tgz 0ms (cache hit)
npm http cache client-only@https://registry.npmjs.org/client-only/-/client-only-0.0.1.tgz 0ms (cache hit)
npm http cache side-channel-weakmap@https://registry.npmjs.org/side-channel-weakmap/-/side-channel-weakmap-1.0.2.tgz 0ms (cache hit)
npm http cache memory-pager@https://registry.npmjs.org/memory-pager/-/memory-pager-1.5.0.tgz 0ms (cache hit)
npm http cache side-channel-map@https://registry.npmjs.org/side-channel-map/-/side-channel-map-1.0.1.tgz 0ms (cache hit)
npm http cache side-channel-list@https://registry.npmjs.org/side-channel-list/-/side-channel-list-1.0.0.tgz 0ms (cache hit)
npm http cache shebang-regex@https://registry.npmjs.org/shebang-regex/-/shebang-regex-3.0.0.tgz 0ms (cache hit)
npm http cache @img/sharp-linux-x64@https://registry.npmjs.org/@img/sharp-linux-x64/-/sharp-linux-x64-0.34.5.tgz 0ms (cache hit)
npm http cache @img/sharp-libvips-linux-x64@https://registry.npmjs.org/@img/sharp-libvips-linux-x64/-/sharp-libvips-linux-x64-1.2.4.tgz 0ms (cache hit)
npm http cache @emnapi/runtime@https://registry.npmjs.org/@emnapi/runtime/-/runtime-1.8.1.tgz 0ms (cache hit)
npm http cache isarray@https://registry.npmjs.org/isarray/-/isarray-2.0.5.tgz 0ms (cache hit)
npm http cache queue-microtask@https://registry.npmjs.org/queue-microtask/-/queue-microtask-1.2.3.tgz 0ms (cache hit)
npm http cache supports-preserve-symlinks-flag@https://registry.npmjs.org/supports-preserve-symlinks-flag/-/supports-preserve-symlinks-flag-1.0.0.tgz 0ms (cache hit)
npm http cache scheduler@https://registry.npmjs.org/scheduler/-/scheduler-0.26.0.tgz 0ms (cache hit)
npm http cache @img/colour@https://registry.npmjs.org/@img/colour/-/colour-1.0.0.tgz 0ms (cache hit)
npm http cache path-parse@https://registry.npmjs.org/path-parse/-/path-parse-1.0.7.tgz 0ms (cache hit)
npm http cache js-tokens@https://registry.npmjs.org/js-tokens/-/js-tokens-4.0.0.tgz 0ms (cache hit)
npm http cache react-is@https://registry.npmjs.org/react-is/-/react-is-16.13.1.tgz 0ms (cache hit)
npm http cache object-assign@https://registry.npmjs.org/object-assign/-/object-assign-4.1.1.tgz 0ms (cache hit)
npm http cache loose-envify@https://registry.npmjs.org/loose-envify/-/loose-envify-1.4.0.tgz 0ms (cache hit)
npm http cache nanoid@https://registry.npmjs.org/nanoid/-/nanoid-3.3.11.tgz 0ms (cache hit)
npm http cache picocolors@https://registry.npmjs.org/picocolors/-/picocolors-1.1.1.tgz 0ms (cache hit)
npm http cache p-limit@https://registry.npmjs.org/p-limit/-/p-limit-3.1.0.tgz 0ms (cache hit)
npm http cache callsites@https://registry.npmjs.org/callsites/-/callsites-3.1.0.tgz 0ms (cache hit)
npm http cache yocto-queue@https://registry.npmjs.org/yocto-queue/-/yocto-queue-0.1.0.tgz 0ms (cache hit)
npm http cache fast-levenshtein@https://registry.npmjs.org/fast-levenshtein/-/fast-levenshtein-2.0.6.tgz 0ms (cache hit)
npm http cache word-wrap@https://registry.npmjs.org/word-wrap/-/word-wrap-1.2.5.tgz 0ms (cache hit)
npm http cache deep-is@https://registry.npmjs.org/deep-is/-/deep-is-0.1.4.tgz 0ms (cache hit)
npm http cache styled-jsx@https://registry.npmjs.org/styled-jsx/-/styled-jsx-5.1.6.tgz 0ms (cache hit)
npm http cache tslib@https://registry.npmjs.org/tslib/-/tslib-2.8.1.tgz 0ms (cache hit)
npm http cache sharp@https://registry.npmjs.org/sharp/-/sharp-0.34.5.tgz 0ms (cache hit)
npm http cache caniuse-lite@https://registry.npmjs.org/caniuse-lite/-/caniuse-lite-1.0.30001766.tgz 0ms (cache hit)
npm http cache baseline-browser-mapping@https://registry.npmjs.org/baseline-browser-mapping/-/baseline-browser-mapping-2.9.19.tgz 0ms (cache hit)
npm http cache @swc/helpers@https://registry.npmjs.org/@swc/helpers/-/helpers-0.5.15.tgz 0ms (cache hit)
npm http cache @next/swc-linux-x64-gnu@https://registry.npmjs.org/@next/swc-linux-x64-gnu/-/swc-linux-x64-gnu-16.1.6.tgz 0ms (cache hit)
npm http cache @types/webidl-conversions@https://registry.npmjs.org/@types/webidl-conversions/-/webidl-conversions-7.0.3.tgz 0ms (cache hit)
npm http cache @next/env@https://registry.npmjs.org/@next/env/-/env-16.1.6.tgz 0ms (cache hit)
npm http cache @types/whatwg-url@https://registry.npmjs.org/@types/whatwg-url/-/whatwg-url-11.0.5.tgz 0ms (cache hit)
npm http cache whatwg-url@https://registry.npmjs.org/whatwg-url/-/whatwg-url-14.2.0.tgz 0ms (cache hit)
npm http cache sparse-bitfield@https://registry.npmjs.org/sparse-bitfield/-/sparse-bitfield-3.0.3.tgz 0ms (cache hit)
npm http cache mongodb-connection-string-url@https://registry.npmjs.org/mongodb-connection-string-url/-/mongodb-connection-string-url-3.0.2.tgz 0ms (cache hit)
npm http cache sift@https://registry.npmjs.org/sift/-/sift-17.1.3.tgz 0ms (cache hit)
npm http cache @mongodb-js/saslprep@https://registry.npmjs.org/@mongodb-js/saslprep/-/saslprep-1.4.5.tgz 0ms (cache hit)
npm http cache mquery@https://registry.npmjs.org/mquery/-/mquery-5.0.0.tgz 0ms (cache hit)
npm http cache mpath@https://registry.npmjs.org/mpath/-/mpath-0.9.0.tgz 0ms (cache hit)
npm http cache mongodb@https://registry.npmjs.org/mongodb/-/mongodb-6.20.0.tgz 0ms (cache hit)
npm http cache bson@https://registry.npmjs.org/bson/-/bson-6.10.4.tgz 0ms (cache hit)
npm http cache concat-map@https://registry.npmjs.org/concat-map/-/concat-map-0.0.1.tgz 0ms (cache hit)
npm http cache balanced-match@https://registry.npmjs.org/balanced-match/-/balanced-match-1.0.2.tgz 0ms (cache hit)
npm http cache kareem@https://registry.npmjs.org/kareem/-/kareem-2.6.3.tgz 0ms (cache hit)
npm http cache mime-db@https://registry.npmjs.org/mime-db/-/mime-db-1.52.0.tgz 0ms (cache hit)
npm http cache brace-expansion@https://registry.npmjs.org/brace-expansion/-/brace-expansion-1.1.12.tgz 0ms (cache hit)
npm http cache fill-range@https://registry.npmjs.org/fill-range/-/fill-range-7.1.1.tgz 0ms (cache hit)
npm http cache to-regex-range@https://registry.npmjs.org/to-regex-range/-/to-regex-range-5.0.1.tgz 0ms (cache hit)
npm http cache braces@https://registry.npmjs.org/braces/-/braces-3.0.3.tgz 0ms (cache hit)
npm http cache picomatch@https://registry.npmjs.org/picomatch/-/picomatch-2.3.1.tgz 0ms (cache hit)
npm http cache p-locate@https://registry.npmjs.org/p-locate/-/p-locate-5.0.0.tgz 0ms (cache hit)
npm http cache detect-libc@https://registry.npmjs.org/detect-libc/-/detect-libc-2.1.2.tgz 0ms (cache hit)
npm http cache type-check@https://registry.npmjs.org/type-check/-/type-check-0.4.0.tgz 0ms (cache hit)
npm http cache prelude-ls@https://registry.npmjs.org/prelude-ls/-/prelude-ls-1.2.1.tgz 0ms (cache hit)
npm http cache lightningcss-linux-x64-gnu@https://registry.npmjs.org/lightningcss-linux-x64-gnu/-/lightningcss-linux-x64-gnu-1.30.2.tgz 0ms (cache hit)
npm http cache json-buffer@https://registry.npmjs.org/json-buffer/-/json-buffer-3.0.1.tgz 0ms (cache hit)
npm http cache language-subtag-registry@https://registry.npmjs.org/language-subtag-registry/-/language-subtag-registry-0.3.23.tgz 0ms (cache hit)
npm http cache buffer-equal-constant-time@https://registry.npmjs.org/buffer-equal-constant-time/-/buffer-equal-constant-time-1.0.1.tgz 0ms (cache hit)
npm http cache ecdsa-sig-formatter@https://registry.npmjs.org/ecdsa-sig-formatter/-/ecdsa-sig-formatter-1.0.11.tgz 0ms (cache hit)
npm http cache jwa@https://registry.npmjs.org/jwa/-/jwa-2.0.1.tgz 0ms (cache hit)
npm http cache safe-buffer@https://registry.npmjs.org/safe-buffer/-/safe-buffer-5.2.1.tgz 0ms (cache hit)
npm http cache lodash.isstring@https://registry.npmjs.org/lodash.isstring/-/lodash.isstring-4.0.1.tgz 0ms (cache hit)
npm http cache lodash.once@https://registry.npmjs.org/lodash.once/-/lodash.once-4.1.1.tgz 0ms (cache hit)
npm http cache lodash.isnumber@https://registry.npmjs.org/lodash.isnumber/-/lodash.isnumber-3.0.3.tgz 0ms (cache hit)
npm http cache lodash.isplainobject@https://registry.npmjs.org/lodash.isplainobject/-/lodash.isplainobject-4.0.6.tgz 0ms (cache hit)
npm http cache lodash.isboolean@https://registry.npmjs.org/lodash.isboolean/-/lodash.isboolean-3.0.3.tgz 0ms (cache hit)
npm http cache lodash.isinteger@https://registry.npmjs.org/lodash.isinteger/-/lodash.isinteger-4.0.4.tgz 0ms (cache hit)
npm http cache jws@https://registry.npmjs.org/jws/-/jws-4.0.1.tgz 0ms (cache hit)
npm http cache lodash.includes@https://registry.npmjs.org/lodash.includes/-/lodash.includes-4.3.0.tgz 0ms (cache hit)
npm http cache set-function-name@https://registry.npmjs.org/set-function-name/-/set-function-name-2.0.2.tgz 0ms (cache hit)
npm http cache argparse@https://registry.npmjs.org/argparse/-/argparse-2.0.1.tgz 0ms (cache hit)
npm http cache side-channel@https://registry.npmjs.org/side-channel/-/side-channel-1.1.0.tgz 0ms (cache hit)
npm http cache is-extglob@https://registry.npmjs.org/is-extglob/-/is-extglob-2.1.1.tgz 0ms (cache hit)
npm http cache parent-module@https://registry.npmjs.org/parent-module/-/parent-module-1.0.1.tgz 0ms (cache hit)
npm http cache resolve-from@https://registry.npmjs.org/resolve-from/-/resolve-from-4.0.0.tgz 0ms (cache hit)
npm http cache resolve-pkg-maps@https://registry.npmjs.org/resolve-pkg-maps/-/resolve-pkg-maps-1.0.0.tgz 0ms (cache hit)
npm http cache functions-have-names@https://registry.npmjs.org/functions-have-names/-/functions-have-names-1.2.3.tgz 0ms (cache hit)
npm http cache dunder-proto@https://registry.npmjs.org/dunder-proto/-/dunder-proto-1.0.1.tgz 0ms (cache hit)
npm http cache mime-types@https://registry.npmjs.org/mime-types/-/mime-types-2.1.35.tgz 0ms (cache hit)
npm http cache delayed-stream@https://registry.npmjs.org/delayed-stream/-/delayed-stream-1.0.0.tgz 0ms (cache hit)
npm http cache combined-stream@https://registry.npmjs.org/combined-stream/-/combined-stream-1.0.8.tgz 0ms (cache hit)
npm http cache asynckit@https://registry.npmjs.org/asynckit/-/asynckit-0.4.0.tgz 0ms (cache hit)
npm http cache flatted@https://registry.npmjs.org/flatted/-/flatted-3.3.3.tgz 0ms (cache hit)
npm http cache path-exists@https://registry.npmjs.org/path-exists/-/path-exists-4.0.0.tgz 0ms (cache hit)
npm http cache locate-path@https://registry.npmjs.org/locate-path/-/locate-path-6.0.0.tgz 0ms (cache hit)
npm http cache keyv@https://registry.npmjs.org/keyv/-/keyv-4.5.4.tgz 0ms (cache hit)
npm http cache flat-cache@https://registry.npmjs.org/flat-cache/-/flat-cache-4.0.1.tgz 0ms (cache hit)
npm http cache fastq@https://registry.npmjs.org/fastq/-/fastq-1.20.1.tgz 0ms (cache hit)
npm http cache run-parallel@https://registry.npmjs.org/run-parallel/-/run-parallel-1.2.0.tgz 0ms (cache hit)
npm http cache reusify@https://registry.npmjs.org/reusify/-/reusify-1.1.0.tgz 0ms (cache hit)
npm http cache merge2@https://registry.npmjs.org/merge2/-/merge2-1.4.1.tgz 0ms (cache hit)
npm http cache micromatch@https://registry.npmjs.org/micromatch/-/micromatch-4.0.8.tgz 0ms (cache hit)
npm http cache @nodelib/fs.scandir@https://registry.npmjs.org/@nodelib/fs.scandir/-/fs.scandir-2.1.5.tgz 0ms (cache hit)
npm http cache @nodelib/fs.walk@https://registry.npmjs.org/@nodelib/fs.walk/-/fs.walk-1.2.8.tgz 0ms (cache hit)
npm http cache @nodelib/fs.stat@https://registry.npmjs.org/@nodelib/fs.stat/-/fs.stat-2.0.5.tgz 0ms (cache hit)
npm http cache acorn@https://registry.npmjs.org/acorn/-/acorn-8.15.0.tgz 0ms (cache hit)
npm http cache acorn-jsx@https://registry.npmjs.org/acorn-jsx/-/acorn-jsx-5.3.2.tgz 0ms (cache hit)
npm http cache esrecurse@https://registry.npmjs.org/esrecurse/-/esrecurse-4.3.0.tgz 0ms (cache hit)
npm http cache iterator.prototype@https://registry.npmjs.org/iterator.prototype/-/iterator.prototype-1.1.5.tgz 0ms (cache hit)
npm http cache string.prototype.repeat@https://registry.npmjs.org/string.prototype.repeat/-/string.prototype.repeat-1.0.0.tgz 0ms (cache hit)
npm http cache prop-types@https://registry.npmjs.org/prop-types/-/prop-types-15.8.1.tgz 0ms (cache hit)
npm http cache string.prototype.matchall@https://registry.npmjs.org/string.prototype.matchall/-/string.prototype.matchall-4.0.12.tgz 0ms (cache hit)
npm http cache estraverse@https://registry.npmjs.org/estraverse/-/estraverse-5.3.0.tgz 0ms (cache hit)
npm http cache object.entries@https://registry.npmjs.org/object.entries/-/object.entries-1.1.9.tgz 0ms (cache hit)
npm http cache array.prototype.findlast@https://registry.npmjs.org/array.prototype.findlast/-/array.prototype.findlast-1.2.5.tgz 0ms (cache hit)
npm http cache es-iterator-helpers@https://registry.npmjs.org/es-iterator-helpers/-/es-iterator-helpers-1.2.2.tgz 0ms (cache hit)
npm http cache array.prototype.tosorted@https://registry.npmjs.org/array.prototype.tosorted/-/array.prototype.tosorted-1.1.4.tgz 0ms (cache hit)
npm http cache string.prototype.includes@https://registry.npmjs.org/string.prototype.includes/-/string.prototype.includes-2.0.1.tgz 0ms (cache hit)
npm http cache language-tags@https://registry.npmjs.org/language-tags/-/language-tags-1.0.9.tgz 0ms (cache hit)
npm http cache jsx-ast-utils@https://registry.npmjs.org/jsx-ast-utils/-/jsx-ast-utils-3.3.5.tgz 0ms (cache hit)
npm http cache emoji-regex@https://registry.npmjs.org/emoji-regex/-/emoji-regex-9.2.2.tgz 0ms (cache hit)
npm http cache damerau-levenshtein@https://registry.npmjs.org/damerau-levenshtein/-/damerau-levenshtein-1.0.8.tgz 0ms (cache hit)
npm http cache axobject-query@https://registry.npmjs.org/axobject-query/-/axobject-query-4.1.0.tgz 0ms (cache hit)
npm http cache axe-core@https://registry.npmjs.org/axe-core/-/axe-core-4.11.1.tgz 0ms (cache hit)
npm http cache ast-types-flow@https://registry.npmjs.org/ast-types-flow/-/ast-types-flow-0.0.8.tgz 0ms (cache hit)
npm http cache is-symbol@https://registry.npmjs.org/is-symbol/-/is-symbol-1.1.1.tgz 0ms (cache hit)
npm http cache aria-query@https://registry.npmjs.org/aria-query/-/aria-query-5.3.2.tgz 0ms (cache hit)
npm http cache has-tostringtag@https://registry.npmjs.org/has-tostringtag/-/has-tostringtag-1.0.2.tgz 0ms (cache hit)
npm http cache is-date-object@https://registry.npmjs.org/is-date-object/-/is-date-object-1.1.0.tgz 0ms (cache hit)
npm http cache which-typed-array@https://registry.npmjs.org/which-typed-array/-/which-typed-array-1.1.20.tgz 0ms (cache hit)
npm http cache possible-typed-array-names@https://registry.npmjs.org/possible-typed-array-names/-/possible-typed-array-names-1.1.0.tgz 0ms (cache hit)
npm http cache unbox-primitive@https://registry.npmjs.org/unbox-primitive/-/unbox-primitive-1.1.0.tgz 0ms (cache hit)
npm http cache typed-array-byte-offset@https://registry.npmjs.org/typed-array-byte-offset/-/typed-array-byte-offset-1.0.4.tgz 0ms (cache hit)
npm http cache typed-array-length@https://registry.npmjs.org/typed-array-length/-/typed-array-length-1.0.7.tgz 0ms (cache hit)
npm http cache typed-array-buffer@https://registry.npmjs.org/typed-array-buffer/-/typed-array-buffer-1.0.3.tgz 0ms (cache hit)
npm http cache typed-array-byte-length@https://registry.npmjs.org/typed-array-byte-length/-/typed-array-byte-length-1.0.3.tgz 0ms (cache hit)
npm http cache string.prototype.trimstart@https://registry.npmjs.org/string.prototype.trimstart/-/string.prototype.trimstart-1.0.8.tgz 0ms (cache hit)
npm http cache stop-iteration-iterator@https://registry.npmjs.org/stop-iteration-iterator/-/stop-iteration-iterator-1.1.0.tgz 0ms (cache hit)
npm http cache string.prototype.trim@https://registry.npmjs.org/string.prototype.trim/-/string.prototype.trim-1.2.10.tgz 0ms (cache hit)
npm http cache safe-regex-test@https://registry.npmjs.org/safe-regex-test/-/safe-regex-test-1.1.0.tgz 0ms (cache hit)
npm http cache set-proto@https://registry.npmjs.org/set-proto/-/set-proto-1.0.0.tgz 0ms (cache hit)
npm http cache safe-push-apply@https://registry.npmjs.org/safe-push-apply/-/safe-push-apply-1.0.0.tgz 0ms (cache hit)
npm http cache safe-array-concat@https://registry.npmjs.org/safe-array-concat/-/safe-array-concat-1.1.3.tgz 0ms (cache hit)
npm http cache regexp.prototype.flags@https://registry.npmjs.org/regexp.prototype.flags/-/regexp.prototype.flags-1.5.4.tgz 1ms (cache hit)
npm http cache object.assign@https://registry.npmjs.org/object.assign/-/object.assign-4.1.7.tgz 0ms (cache hit)
npm http cache own-keys@https://registry.npmjs.org/own-keys/-/own-keys-1.0.1.tgz 0ms (cache hit)
npm http cache is-weakref@https://registry.npmjs.org/is-weakref/-/is-weakref-1.1.1.tgz 0ms (cache hit)
npm http cache object-inspect@https://registry.npmjs.org/object-inspect/-/object-inspect-1.13.4.tgz 0ms (cache hit)
npm http cache is-shared-array-buffer@https://registry.npmjs.org/is-shared-array-buffer/-/is-shared-array-buffer-1.0.4.tgz 0ms (cache hit)
npm http cache is-typed-array@https://registry.npmjs.org/is-typed-array/-/is-typed-array-1.1.15.tgz 0ms (cache hit)
npm http cache is-regex@https://registry.npmjs.org/is-regex/-/is-regex-1.2.1.tgz 0ms (cache hit)
npm http cache is-set@https://registry.npmjs.org/is-set/-/is-set-2.0.3.tgz 0ms (cache hit)
npm http cache is-data-view@https://registry.npmjs.org/is-data-view/-/is-data-view-1.0.2.tgz 0ms (cache hit)
npm http cache is-negative-zero@https://registry.npmjs.org/is-negative-zero/-/is-negative-zero-2.0.3.tgz 0ms (cache hit)
npm http cache is-callable@https://registry.npmjs.org/is-callable/-/is-callable-1.2.7.tgz 0ms (cache hit)
npm http cache is-array-buffer@https://registry.npmjs.org/is-array-buffer/-/is-array-buffer-3.0.5.tgz 0ms (cache hit)
npm http cache internal-slot@https://registry.npmjs.org/internal-slot/-/internal-slot-1.1.0.tgz 0ms (cache hit)
npm http cache has-proto@https://registry.npmjs.org/has-proto/-/has-proto-1.2.0.tgz 0ms (cache hit)
npm http cache has-symbols@https://registry.npmjs.org/has-symbols/-/has-symbols-1.1.0.tgz 0ms (cache hit)
npm http cache get-symbol-description@https://registry.npmjs.org/get-symbol-description/-/get-symbol-description-1.1.0.tgz 0ms (cache hit)
npm http cache globalthis@https://registry.npmjs.org/globalthis/-/globalthis-1.0.4.tgz 0ms (cache hit)
npm http cache get-proto@https://registry.npmjs.org/get-proto/-/get-proto-1.0.1.tgz 0ms (cache hit)
npm http cache function.prototype.name@https://registry.npmjs.org/function.prototype.name/-/function.prototype.name-1.1.8.tgz 0ms (cache hit)
npm http cache data-view-byte-offset@https://registry.npmjs.org/data-view-byte-offset/-/data-view-byte-offset-1.0.1.tgz 0ms (cache hit)
npm http cache es-to-primitive@https://registry.npmjs.org/es-to-primitive/-/es-to-primitive-1.3.0.tgz 0ms (cache hit)
npm http cache es-set-tostringtag@https://registry.npmjs.org/es-set-tostringtag/-/es-set-tostringtag-2.1.0.tgz 0ms (cache hit)
npm http cache data-view-byte-length@https://registry.npmjs.org/data-view-byte-length/-/data-view-byte-length-1.0.2.tgz 0ms (cache hit)
npm http cache data-view-buffer@https://registry.npmjs.org/data-view-buffer/-/data-view-buffer-1.0.2.tgz 0ms (cache hit)
npm http cache available-typed-arrays@https://registry.npmjs.org/available-typed-arrays/-/available-typed-arrays-1.0.7.tgz 0ms (cache hit)
npm http cache arraybuffer.prototype.slice@https://registry.npmjs.org/arraybuffer.prototype.slice/-/arraybuffer.prototype.slice-1.0.4.tgz 0ms (cache hit)
npm http cache gopd@https://registry.npmjs.org/gopd/-/gopd-1.2.0.tgz 0ms (cache hit)
npm http cache array-buffer-byte-length@https://registry.npmjs.org/array-buffer-byte-length/-/array-buffer-byte-length-1.0.2.tgz 0ms (cache hit)
npm http cache has-property-descriptors@https://registry.npmjs.org/has-property-descriptors/-/has-property-descriptors-1.0.2.tgz 0ms (cache hit)
npm http cache object-keys@https://registry.npmjs.org/object-keys/-/object-keys-1.1.1.tgz 0ms (cache hit)
npm http cache function-bind@https://registry.npmjs.org/function-bind/-/function-bind-1.1.2.tgz 0ms (cache hit)
npm http cache define-data-property@https://registry.npmjs.org/define-data-property/-/define-data-property-1.1.4.tgz 0ms (cache hit)
npm http cache es-define-property@https://registry.npmjs.org/es-define-property/-/es-define-property-1.0.1.tgz 0ms (cache hit)
npm http cache set-function-length@https://registry.npmjs.org/set-function-length/-/set-function-length-1.2.2.tgz 0ms (cache hit)
npm http cache call-bind-apply-helpers@https://registry.npmjs.org/call-bind-apply-helpers/-/call-bind-apply-helpers-1.0.2.tgz 0ms (cache hit)
npm http cache es-shim-unscopables@https://registry.npmjs.org/es-shim-unscopables/-/es-shim-unscopables-1.1.0.tgz 0ms (cache hit)
npm http cache es-errors@https://registry.npmjs.org/es-errors/-/es-errors-1.3.0.tgz 0ms (cache hit)
npm http cache is-string@https://registry.npmjs.org/is-string/-/is-string-1.1.1.tgz 0ms (cache hit)
npm http cache math-intrinsics@https://registry.npmjs.org/math-intrinsics/-/math-intrinsics-1.1.0.tgz 0ms (cache hit)
npm http cache es-object-atoms@https://registry.npmjs.org/es-object-atoms/-/es-object-atoms-1.1.1.tgz 0ms (cache hit)
npm http cache get-intrinsic@https://registry.npmjs.org/get-intrinsic/-/get-intrinsic-1.3.0.tgz 0ms (cache hit)
npm http cache define-properties@https://registry.npmjs.org/define-properties/-/define-properties-1.2.1.tgz 0ms (cache hit)
npm http cache es-abstract@https://registry.npmjs.org/es-abstract/-/es-abstract-1.24.1.tgz 0ms (cache hit)
npm http cache call-bound@https://registry.npmjs.org/call-bound/-/call-bound-1.0.4.tgz 0ms (cache hit)
npm http cache call-bind@https://registry.npmjs.org/call-bind/-/call-bind-1.0.8.tgz 0ms (cache hit)
npm http cache tsconfig-paths@https://registry.npmjs.org/tsconfig-paths/-/tsconfig-paths-3.15.0.tgz 0ms (cache hit)
npm http cache object.values@https://registry.npmjs.org/object.values/-/object.values-1.2.1.tgz 0ms (cache hit)
npm http cache string.prototype.trimend@https://registry.npmjs.org/string.prototype.trimend/-/string.prototype.trimend-1.0.9.tgz 0ms (cache hit)
npm http cache object.fromentries@https://registry.npmjs.org/object.fromentries/-/object.fromentries-2.0.8.tgz 0ms (cache hit)
npm http cache object.groupby@https://registry.npmjs.org/object.groupby/-/object.groupby-1.0.3.tgz 0ms (cache hit)
npm http cache eslint-module-utils@https://registry.npmjs.org/eslint-module-utils/-/eslint-module-utils-2.12.1.tgz 0ms (cache hit)
npm http cache hasown@https://registry.npmjs.org/hasown/-/hasown-2.0.2.tgz 0ms (cache hit)
npm http cache array.prototype.flatmap@https://registry.npmjs.org/array.prototype.flatmap/-/array.prototype.flatmap-1.3.3.tgz 0ms (cache hit)
npm http cache doctrine@https://registry.npmjs.org/doctrine/-/doctrine-2.1.0.tgz 0ms (cache hit)
npm http cache array.prototype.flat@https://registry.npmjs.org/array.prototype.flat/-/array.prototype.flat-1.3.3.tgz 0ms (cache hit)
npm http cache array.prototype.findlastindex@https://registry.npmjs.org/array.prototype.findlastindex/-/array.prototype.findlastindex-1.2.6.tgz 0ms (cache hit)
npm http cache array-includes@https://registry.npmjs.org/array-includes/-/array-includes-3.1.9.tgz 0ms (cache hit)
npm http cache unrs-resolver@https://registry.npmjs.org/unrs-resolver/-/unrs-resolver-1.11.1.tgz 0ms (cache hit)
npm http cache @rtsao/scc@https://registry.npmjs.org/@rtsao/scc/-/scc-1.1.0.tgz 0ms (cache hit)
npm http cache is-bun-module@https://registry.npmjs.org/is-bun-module/-/is-bun-module-2.0.0.tgz 0ms (cache hit)
npm http cache stable-hash@https://registry.npmjs.org/stable-hash/-/stable-hash-0.0.5.tgz 0ms (cache hit)
npm http cache get-tsconfig@https://registry.npmjs.org/get-tsconfig/-/get-tsconfig-4.13.1.tgz 0ms (cache hit)
npm http cache @nolyfill/is-core-module@https://registry.npmjs.org/@nolyfill/is-core-module/-/is-core-module-1.0.39.tgz 0ms (cache hit)
npm http cache is-core-module@https://registry.npmjs.org/is-core-module/-/is-core-module-2.16.1.tgz 0ms (cache hit)
npm http cache resolve@https://registry.npmjs.org/resolve/-/resolve-1.22.11.tgz 0ms (cache hit)
npm http cache tinyglobby@https://registry.npmjs.org/tinyglobby/-/tinyglobby-0.2.15.tgz 0ms (cache hit)
npm http cache semver@https://registry.npmjs.org/semver/-/semver-7.7.3.tgz 0ms (cache hit)
npm http cache @typescript-eslint/tsconfig-utils@https://registry.npmjs.org/@typescript-eslint/tsconfig-utils/-/tsconfig-utils-8.54.0.tgz 0ms (cache hit)
npm http cache @typescript-eslint/typescript-estree@https://registry.npmjs.org/@typescript-eslint/typescript-estree/-/typescript-estree-8.54.0.tgz 0ms (cache hit)
npm http cache @typescript-eslint/project-service@https://registry.npmjs.org/@typescript-eslint/project-service/-/project-service-8.54.0.tgz 0ms (cache hit)
npm http cache ts-api-utils@https://registry.npmjs.org/ts-api-utils/-/ts-api-utils-2.4.0.tgz 0ms (cache hit)
npm http cache @typescript-eslint/types@https://registry.npmjs.org/@typescript-eslint/types/-/types-8.54.0.tgz 0ms (cache hit)
npm http cache @typescript-eslint/visitor-keys@https://registry.npmjs.org/@typescript-eslint/visitor-keys/-/visitor-keys-8.54.0.tgz 0ms (cache hit)
npm http cache @typescript-eslint/utils@https://registry.npmjs.org/@typescript-eslint/utils/-/utils-8.54.0.tgz 0ms (cache hit)
npm http cache fast-glob@https://registry.npmjs.org/fast-glob/-/fast-glob-3.3.1.tgz 0ms (cache hit)
npm http cache @typescript-eslint/type-utils@https://registry.npmjs.org/@typescript-eslint/type-utils/-/type-utils-8.54.0.tgz 0ms (cache hit)
npm http cache @typescript-eslint/scope-manager@https://registry.npmjs.org/@typescript-eslint/scope-manager/-/scope-manager-8.54.0.tgz 0ms (cache hit)
npm http cache eslint-plugin-react-hooks@https://registry.npmjs.org/eslint-plugin-react-hooks/-/eslint-plugin-react-hooks-5.2.0.tgz 0ms (cache hit)
npm http cache eslint-plugin-react@https://registry.npmjs.org/eslint-plugin-react/-/eslint-plugin-react-7.37.5.tgz 0ms (cache hit)
npm http cache eslint-plugin-import@https://registry.npmjs.org/eslint-plugin-import/-/eslint-plugin-import-2.32.0.tgz 0ms (cache hit)
npm http cache eslint-plugin-jsx-a11y@https://registry.npmjs.org/eslint-plugin-jsx-a11y/-/eslint-plugin-jsx-a11y-6.10.2.tgz 0ms (cache hit)
npm http cache eslint-import-resolver-node@https://registry.npmjs.org/eslint-import-resolver-node/-/eslint-import-resolver-node-0.3.9.tgz 0ms (cache hit)
npm http cache eslint-import-resolver-typescript@https://registry.npmjs.org/eslint-import-resolver-typescript/-/eslint-import-resolver-typescript-3.10.1.tgz 0ms (cache hit)
npm http cache typescript@https://registry.npmjs.org/typescript/-/typescript-5.9.3.tgz 0ms (cache hit)
npm http cache @typescript-eslint/parser@https://registry.npmjs.org/@typescript-eslint/parser/-/parser-8.54.0.tgz 0ms (cache hit)
npm http cache @typescript-eslint/eslint-plugin@https://registry.npmjs.org/@typescript-eslint/eslint-plugin/-/eslint-plugin-8.54.0.tgz 0ms (cache hit)
npm http cache @rushstack/eslint-patch@https://registry.npmjs.org/@rushstack/eslint-patch/-/eslint-patch-1.15.0.tgz 0ms (cache hit)
npm http cache @next/eslint-plugin-next@https://registry.npmjs.org/@next/eslint-plugin-next/-/eslint-plugin-next-15.5.4.tgz 0ms (cache hit)
npm http cache shebang-command@https://registry.npmjs.org/shebang-command/-/shebang-command-2.0.0.tgz 0ms (cache hit)
npm http cache which@https://registry.npmjs.org/which/-/which-2.0.2.tgz 0ms (cache hit)
npm http cache color-name@https://registry.npmjs.org/color-name/-/color-name-1.1.4.tgz 0ms (cache hit)
npm http cache path-key@https://registry.npmjs.org/path-key/-/path-key-3.1.1.tgz 0ms (cache hit)
npm http cache supports-color@https://registry.npmjs.org/supports-color/-/supports-color-7.2.0.tgz 0ms (cache hit)
npm http cache color-convert@https://registry.npmjs.org/color-convert/-/color-convert-2.0.1.tgz 0ms (cache hit)
npm http cache ansi-styles@https://registry.npmjs.org/ansi-styles/-/ansi-styles-4.3.0.tgz 0ms (cache hit)
npm http cache @humanfs/core@https://registry.npmjs.org/@humanfs/core/-/core-0.19.1.tgz 0ms (cache hit)
npm http cache levn@https://registry.npmjs.org/levn/-/levn-0.4.1.tgz 0ms (cache hit)
npm http cache @eslint/object-schema@https://registry.npmjs.org/@eslint/object-schema/-/object-schema-2.1.7.tgz 0ms (cache hit)
npm http cache @types/json-schema@https://registry.npmjs.org/@types/json-schema/-/json-schema-7.0.15.tgz 0ms (cache hit)
npm http cache natural-compare@https://registry.npmjs.org/natural-compare/-/natural-compare-1.4.0.tgz 0ms (cache hit)
npm http cache optionator@https://registry.npmjs.org/optionator/-/optionator-0.9.4.tgz 0ms (cache hit)
npm http cache json-stable-stringify-without-jsonify@https://registry.npmjs.org/json-stable-stringify-without-jsonify/-/json-stable-stringify-without-jsonify-1.0.1.tgz 0ms (cache hit)
npm http cache lodash.merge@https://registry.npmjs.org/lodash.merge/-/lodash.merge-4.6.2.tgz 0ms (cache hit)
npm http cache imurmurhash@https://registry.npmjs.org/imurmurhash/-/imurmurhash-0.1.4.tgz 0ms (cache hit)
npm http cache is-glob@https://registry.npmjs.org/is-glob/-/is-glob-4.0.3.tgz 0ms (cache hit)
npm http cache glob-parent@https://registry.npmjs.org/glob-parent/-/glob-parent-6.0.2.tgz 0ms (cache hit)
npm http cache find-up@https://registry.npmjs.org/find-up/-/find-up-5.0.0.tgz 0ms (cache hit)
npm http cache file-entry-cache@https://registry.npmjs.org/file-entry-cache/-/file-entry-cache-8.0.0.tgz 0ms (cache hit)
npm http cache esquery@https://registry.npmjs.org/esquery/-/esquery-1.7.0.tgz 0ms (cache hit)
npm http cache esutils@https://registry.npmjs.org/esutils/-/esutils-2.0.3.tgz 0ms (cache hit)
npm http cache eslint-scope@https://registry.npmjs.org/eslint-scope/-/eslint-scope-8.4.0.tgz 0ms (cache hit)
npm http cache eslint-visitor-keys@https://registry.npmjs.org/eslint-visitor-keys/-/eslint-visitor-keys-4.2.1.tgz 0ms (cache hit)
npm http cache cross-spawn@https://registry.npmjs.org/cross-spawn/-/cross-spawn-7.0.6.tgz 0ms (cache hit)
npm http cache escape-string-regexp@https://registry.npmjs.org/escape-string-regexp/-/escape-string-regexp-4.0.0.tgz 0ms (cache hit)
npm http cache chalk@https://registry.npmjs.org/chalk/-/chalk-4.1.2.tgz 0ms (cache hit)
npm http cache @types/estree@https://registry.npmjs.org/@types/estree/-/estree-1.0.8.tgz 0ms (cache hit)
npm http cache @humanfs/node@https://registry.npmjs.org/@humanfs/node/-/node-0.16.7.tgz 0ms (cache hit)
npm http cache @humanwhocodes/retry@https://registry.npmjs.org/@humanwhocodes/retry/-/retry-0.4.3.tgz 0ms (cache hit)
npm http cache @humanwhocodes/module-importer@https://registry.npmjs.org/@humanwhocodes/module-importer/-/module-importer-1.0.1.tgz 0ms (cache hit)
npm http cache @eslint/plugin-kit@https://registry.npmjs.org/@eslint/plugin-kit/-/plugin-kit-0.4.1.tgz 0ms (cache hit)
npm http cache @eslint/config-helpers@https://registry.npmjs.org/@eslint/config-helpers/-/config-helpers-0.4.2.tgz 0ms (cache hit)
npm http cache @eslint/js@https://registry.npmjs.org/@eslint/js/-/js-9.39.2.tgz 0ms (cache hit)
npm http cache @eslint/core@https://registry.npmjs.org/@eslint/core/-/core-0.17.0.tgz 0ms (cache hit)
npm http cache @eslint/config-array@https://registry.npmjs.org/@eslint/config-array/-/config-array-0.21.1.tgz 0ms (cache hit)
npm http cache graceful-fs@https://registry.npmjs.org/graceful-fs/-/graceful-fs-4.2.11.tgz 0ms (cache hit)
npm http cache tapable@https://registry.npmjs.org/tapable/-/tapable-2.3.0.tgz 0ms (cache hit)
npm http cache @eslint-community/regexpp@https://registry.npmjs.org/@eslint-community/regexpp/-/regexpp-4.12.2.tgz 0ms (cache hit)
npm http cache @eslint-community/eslint-utils@https://registry.npmjs.org/@eslint-community/eslint-utils/-/eslint-utils-4.9.1.tgz 0ms (cache hit)
npm http cache ms@https://registry.npmjs.org/ms/-/ms-2.1.3.tgz 0ms (cache hit)
npm http cache uri-js@https://registry.npmjs.org/uri-js/-/uri-js-4.4.1.tgz 0ms (cache hit)
npm http cache retry@https://registry.npmjs.org/retry/-/retry-0.13.1.tgz 0ms (cache hit)
npm http cache fast-json-stable-stringify@https://registry.npmjs.org/fast-json-stable-stringify/-/fast-json-stable-stringify-2.1.0.tgz 0ms (cache hit)
npm http cache json-schema-traverse@https://registry.npmjs.org/json-schema-traverse/-/json-schema-traverse-0.4.1.tgz 0ms (cache hit)
npm http cache fast-deep-equal@https://registry.npmjs.org/fast-deep-equal/-/fast-deep-equal-3.1.3.tgz 0ms (cache hit)
npm http cache undici@https://registry.npmjs.org/undici/-/undici-6.23.0.tgz 0ms (cache hit)
npm http cache throttleit@https://registry.npmjs.org/throttleit/-/throttleit-2.1.0.tgz 0ms (cache hit)
npm http cache is-node-process@https://registry.npmjs.org/is-node-process/-/is-node-process-1.2.0.tgz 0ms (cache hit)
npm http cache is-buffer@https://registry.npmjs.org/is-buffer/-/is-buffer-2.0.5.tgz 0ms (cache hit)
npm http cache @jridgewell/resolve-uri@https://registry.npmjs.org/@jridgewell/resolve-uri/-/resolve-uri-3.1.2.tgz 0ms (cache hit)
npm http cache async-retry@https://registry.npmjs.org/async-retry/-/async-retry-1.3.3.tgz 0ms (cache hit)
npm http cache @jridgewell/sourcemap-codec@https://registry.npmjs.org/@jridgewell/sourcemap-codec/-/sourcemap-codec-1.5.5.tgz 0ms (cache hit)
npm http cache @tailwindcss/oxide-linux-x64-gnu@https://registry.npmjs.org/@tailwindcss/oxide-linux-x64-gnu/-/oxide-linux-x64-gnu-4.1.18.tgz 0ms (cache hit)
npm http cache @jridgewell/gen-mapping@https://registry.npmjs.org/@jridgewell/gen-mapping/-/gen-mapping-0.3.13.tgz 0ms (cache hit)
npm http cache @jridgewell/trace-mapping@https://registry.npmjs.org/@jridgewell/trace-mapping/-/trace-mapping-0.3.31.tgz 0ms (cache hit)
npm http cache magic-string@https://registry.npmjs.org/magic-string/-/magic-string-0.30.21.tgz 0ms (cache hit)
npm http cache source-map-js@https://registry.npmjs.org/source-map-js/-/source-map-js-1.2.1.tgz 0ms (cache hit)
npm http cache enhanced-resolve@https://registry.npmjs.org/enhanced-resolve/-/enhanced-resolve-5.18.4.tgz 0ms (cache hit)
npm http cache jiti@https://registry.npmjs.org/jiti/-/jiti-2.6.1.tgz 0ms (cache hit)
npm http cache postcss@https://registry.npmjs.org/postcss/-/postcss-8.5.6.tgz 0ms (cache hit)
npm http cache lightningcss@https://registry.npmjs.org/lightningcss/-/lightningcss-1.30.2.tgz 0ms (cache hit)
npm http cache @jridgewell/remapping@https://registry.npmjs.org/@jridgewell/remapping/-/remapping-2.3.5.tgz 0ms (cache hit)
npm http cache strip-json-comments@https://registry.npmjs.org/strip-json-comments/-/strip-json-comments-3.1.1.tgz 0ms (cache hit)
npm http cache @tailwindcss/node@https://registry.npmjs.org/@tailwindcss/node/-/node-4.1.18.tgz 0ms (cache hit)
npm http cache @tailwindcss/oxide@https://registry.npmjs.org/@tailwindcss/oxide/-/oxide-4.1.18.tgz 0ms (cache hit)
npm http cache @alloc/quick-lru@https://registry.npmjs.org/@alloc/quick-lru/-/quick-lru-5.2.0.tgz 0ms (cache hit)
npm http cache minimatch@https://registry.npmjs.org/minimatch/-/minimatch-3.1.2.tgz 0ms (cache hit)
npm http cache import-fresh@https://registry.npmjs.org/import-fresh/-/import-fresh-3.3.1.tgz 0ms (cache hit)
npm http cache js-yaml@https://registry.npmjs.org/js-yaml/-/js-yaml-4.1.1.tgz 0ms (cache hit)
npm http cache ignore@https://registry.npmjs.org/ignore/-/ignore-5.3.2.tgz 0ms (cache hit)
npm http cache espree@https://registry.npmjs.org/espree/-/espree-10.4.0.tgz 0ms (cache hit)
npm http cache ajv@https://registry.npmjs.org/ajv/-/ajv-6.12.6.tgz 0ms (cache hit)
npm http cache globals@https://registry.npmjs.org/globals/-/globals-14.0.0.tgz 0ms (cache hit)
npm http cache debug@https://registry.npmjs.org/debug/-/debug-4.4.3.tgz 0ms (cache hit)
npm http cache tailwindcss@https://registry.npmjs.org/tailwindcss/-/tailwindcss-4.1.18.tgz 0ms (cache hit)
npm http cache next@https://registry.npmjs.org/next/-/next-16.1.6.tgz 0ms (cache hit)
npm http cache react-dom@https://registry.npmjs.org/react-dom/-/react-dom-19.1.0.tgz 0ms (cache hit)
npm http cache react@https://registry.npmjs.org/react/-/react-19.1.0.tgz 0ms (cache hit)
npm http cache mongoose@https://registry.npmjs.org/mongoose/-/mongoose-8.22.0.tgz 0ms (cache hit)
npm http cache form-data@https://registry.npmjs.org/form-data/-/form-data-4.0.5.tgz 0ms (cache hit)
npm http cache jsonwebtoken@https://registry.npmjs.org/jsonwebtoken/-/jsonwebtoken-9.0.3.tgz 0ms (cache hit)
npm http cache jose@https://registry.npmjs.org/jose/-/jose-6.1.3.tgz 0ms (cache hit)
npm http cache eslint-config-next@https://registry.npmjs.org/eslint-config-next/-/eslint-config-next-15.5.4.tgz 0ms (cache hit)
npm http cache eslint@https://registry.npmjs.org/eslint/-/eslint-9.39.2.tgz 0ms (cache hit)
npm http cache @vercel/blob@https://registry.npmjs.org/@vercel/blob/-/blob-2.0.1.tgz 0ms (cache hit)
npm http cache bcryptjs@https://registry.npmjs.org/bcryptjs/-/bcryptjs-3.0.3.tgz 0ms (cache hit)
npm http cache @eslint/eslintrc@https://registry.npmjs.org/@eslint/eslintrc/-/eslintrc-3.3.3.tgz 0ms (cache hit)
npm http cache @tailwindcss/postcss@https://registry.npmjs.org/@tailwindcss/postcss/-/postcss-4.1.18.tgz 0ms (cache hit)
npm http cache picomatch@https://registry.npmjs.org/picomatch/-/picomatch-4.0.3.tgz 0ms (cache hit)
npm http cache debug@https://registry.npmjs.org/debug/-/debug-3.2.7.tgz 0ms (cache hit)
npm http cache brace-expansion@https://registry.npmjs.org/brace-expansion/-/brace-expansion-2.0.2.tgz 0ms (cache hit)
npm http cache fdir@https://registry.npmjs.org/fdir/-/fdir-6.5.0.tgz 0ms (cache hit)
npm http cache minimatch@https://registry.npmjs.org/minimatch/-/minimatch-9.0.5.tgz 0ms (cache hit)
npm http cache glob-parent@https://registry.npmjs.org/glob-parent/-/glob-parent-5.1.2.tgz 0ms (cache hit)
npm http cache semver@https://registry.npmjs.org/semver/-/semver-6.3.1.tgz 0ms (cache hit)
npm http cache debug@https://registry.npmjs.org/debug/-/debug-3.2.7.tgz 0ms (cache hit)
npm http cache semver@https://registry.npmjs.org/semver/-/semver-6.3.1.tgz 0ms (cache hit)
npm http cache debug@https://registry.npmjs.org/debug/-/debug-3.2.7.tgz 0ms (cache hit)
npm http cache resolve@https://registry.npmjs.org/resolve/-/resolve-2.0.0-next.5.tgz 0ms (cache hit)
npm http cache eslint-visitor-keys@https://registry.npmjs.org/eslint-visitor-keys/-/eslint-visitor-keys-3.4.3.tgz 0ms (cache hit)
npm http cache ignore@https://registry.npmjs.org/ignore/-/ignore-7.0.5.tgz 0ms (cache hit)
npm http cache postcss@https://registry.npmjs.org/postcss/-/postcss-8.4.31.tgz 0ms (cache hit)
npm http fetch POST 200 https://registry.npmjs.org/-/npm/v1/security/advisories/bulk 2673ms
npm info run sharp@0.34.5 install node_modules/sharp node install/check.js || npm run build
npm info run sharp@0.34.5 install { code: 0, signal: null }
npm info run unrs-resolver@1.11.1 postinstall node_modules/unrs-resolver napi-postinstall unrs-resolver 1.11.1 check
npm info run unrs-resolver@1.11.1 postinstall { code: 0, signal: null }

added 363 packages, and audited 364 packages in 11s

141 packages are looking for funding
  run `npm fund` for details

found 0 vulnerabilities
npm info ok
